<?xml version="1.0" encoding="UTF-8"?>
<!-- Generated by org.testng.reporters.JUnitReportReporter -->
<testsuite hostname="MSI" failures="0" tests="2" name="com.supermarket.test.ManageSettingsTest" time="16.804" errors="0" timestamp="2024-05-20T16:51:53 BST" skipped="0">
  <testcase classname="com.supermarket.test.ManageSettingsTest" name="createManageMenu" time="9.882"/>
  <testcase classname="com.supermarket.test.ManageSettingsTest" name="verifyUserCanDeleteMenu" time="6.922"/>
</testsuite> <!-- com.supermarket.test.ManageSettingsTest -->
