<?xml version="1.0" encoding="UTF-8"?>
<!-- Generated by org.testng.reporters.JUnitReportReporter -->
<testsuite hostname="MSI" failures="0" tests="2" name="com.supermarket.test.ManageDeliveryBoyTest" time="15.046" errors="0" timestamp="2024-05-19T23:17:08 BST" skipped="0">
  <testcase classname="com.supermarket.test.ManageDeliveryBoyTest" name="verifyUserCanCreateDeliveryBoy" time="8.947"/>
  <testcase classname="com.supermarket.test.ManageDeliveryBoyTest" name="verifyUserCanDeleteDeliveryBoy" time="6.099"/>
</testsuite> <!-- com.supermarket.test.ManageDeliveryBoyTest -->
