<?xml version="1.0" encoding="UTF-8"?>
<!-- Generated by org.testng.reporters.JUnitReportReporter -->
<testsuite hostname="MSI" failures="0" tests="2" name="com.supermarket.test.ManageSettingsTest" time="22.734" errors="0" timestamp="2024-05-22T07:31:45 BST" skipped="0">
  <testcase classname="com.supermarket.test.ManageSettingsTest" name="createManageMenu" time="15.237"/>
  <testcase classname="com.supermarket.test.ManageSettingsTest" name="verifyUserCanDeleteMenu" time="7.497"/>
</testsuite> <!-- com.supermarket.test.ManageSettingsTest -->
