<?xml version="1.0" encoding="UTF-8"?>
<!-- Generated by org.testng.reporters.JUnitReportReporter -->
<testsuite hostname="MSI" failures="0" tests="2" name="com.supermarket.test.ManageNewsPageTest" time="12.483" errors="0" timestamp="2024-05-20T16:51:53 BST" skipped="0">
  <testcase classname="com.supermarket.test.ManageNewsPageTest" name="verifyUserCanDeleteNews" time="6.602"/>
  <testcase classname="com.supermarket.test.ManageNewsPageTest" name="verifyUserCanCreateNews" time="5.881"/>
</testsuite> <!-- com.supermarket.test.ManageNewsPageTest -->
