<?xml version="1.0" encoding="UTF-8"?>
<!-- Generated by org.testng.reporters.JUnitReportReporter -->
<testsuite hostname="MSI" failures="0" tests="2" name="com.supermarket.test.ManageNewsPageTest" time="14.555" errors="0" timestamp="2024-05-19T23:17:08 BST" skipped="0">
  <testcase classname="com.supermarket.test.ManageNewsPageTest" name="verifyUserCanCreateNews" time="8.152"/>
  <testcase classname="com.supermarket.test.ManageNewsPageTest" name="verifyUserCanDeleteNews" time="6.403"/>
</testsuite> <!-- com.supermarket.test.ManageNewsPageTest -->
