<?xml version="1.0" encoding="UTF-8"?>
<!-- Generated by org.testng.reporters.JUnitReportReporter -->
<testsuite hostname="MSI" failures="0" tests="2" name="com.supermarket.test.ManageSettingsTest" time="19.022" errors="0" timestamp="2024-05-19T23:17:08 BST" skipped="0">
  <testcase classname="com.supermarket.test.ManageSettingsTest" name="verifyUserCanDeleteMenu" time="7.987"/>
  <testcase classname="com.supermarket.test.ManageSettingsTest" name="createManageMenu" time="11.035"/>
</testsuite> <!-- com.supermarket.test.ManageSettingsTest -->
