<?xml version="1.0" encoding="UTF-8"?>
<!-- Generated by org.testng.reporters.JUnitReportReporter -->
<testsuite hostname="MSI" failures="0" tests="1" name="com.supermarket.test.LoginTest" time="5.685" errors="0" timestamp="2024-05-20T16:51:53 BST" skipped="0">
  <testcase classname="com.supermarket.test.LoginTest" name="verifyUserIsAbleToLoginCredentials" time="5.685"/>
</testsuite> <!-- com.supermarket.test.LoginTest -->
