<?xml version="1.0" encoding="UTF-8"?>
<!-- Generated by org.testng.reporters.JUnitReportReporter -->
<testsuite hostname="MSI" failures="0" tests="2" name="com.supermarket.test.ManageDeliveryBoyTest" time="13.387" errors="0" timestamp="2024-05-20T16:51:53 BST" skipped="0">
  <testcase classname="com.supermarket.test.ManageDeliveryBoyTest" name="verifyUserCanCreateDeliveryBoy" time="8.750"/>
  <testcase classname="com.supermarket.test.ManageDeliveryBoyTest" name="verifyUserCanDeleteDeliveryBoy" time="4.637"/>
</testsuite> <!-- com.supermarket.test.ManageDeliveryBoyTest -->
