<?xml version="1.0" encoding="UTF-8"?>
<!-- Generated by org.testng.reporters.JUnitReportReporter -->
<testsuite hostname="MSI" failures="0" tests="1" name="com.supermarket.test.ManageSliderTest" time="6.405" errors="0" timestamp="2024-05-20T21:39:41 BST" skipped="0">
  <testcase classname="com.supermarket.test.ManageSliderTest" name="VerifyUserCanEditSlider" time="6.405"/>
</testsuite> <!-- com.supermarket.test.ManageSliderTest -->
