<?xml version="1.0" encoding="UTF-8"?>
<!-- Generated by org.testng.reporters.JUnitReportReporter -->
<testsuite hostname="MSI" failures="0" tests="2" name="com.supermarket.test.ManageListLocationsTest" time="10.208" errors="0" timestamp="2024-05-20T20:50:35 BST" skipped="0">
  <testcase classname="com.supermarket.test.ManageListLocationsTest" name="verifyUserCanDeleteListLocation" time="4.684"/>
  <testcase classname="com.supermarket.test.ManageListLocationsTest" name="verifyUserCanCreateListLocation" time="5.524"/>
</testsuite> <!-- com.supermarket.test.ManageListLocationsTest -->
