<?xml version="1.0" encoding="UTF-8"?>
<!-- Generated by org.testng.reporters.JUnitReportReporter -->
<testsuite hostname="MSI" failures="0" tests="1" name="com.supermarket.test.LoginTest" time="4.844" errors="0" timestamp="2024-05-18T15:18:27 BST" skipped="0">
  <testcase classname="com.supermarket.test.LoginTest" name="verifyUserIsAbleToLoginCredentials" time="4.844"/>
</testsuite> <!-- com.supermarket.test.LoginTest -->
