<?xml version="1.0" encoding="UTF-8"?>
<!-- Generated by org.testng.reporters.JUnitReportReporter -->
<testsuite hostname="MSI" failures="0" tests="1" name="com.supermarket.test.ManageNewsPageTest" time="7.997" errors="0" timestamp="2024-05-18T15:07:31 BST" skipped="0">
  <testcase classname="com.supermarket.test.ManageNewsPageTest" name="verifyUserCanCreateNews" time="7.997"/>
</testsuite> <!-- com.supermarket.test.ManageNewsPageTest -->
