<?xml version="1.0" encoding="UTF-8"?>
<!-- Generated by org.testng.reporters.JUnitReportReporter -->
<testsuite hostname="MSI" failures="0" tests="2" name="com.supermarket.test.ManageNewsPageTest" time="11.061" errors="0" timestamp="2024-05-20T22:19:33 BST" skipped="0">
  <testcase classname="com.supermarket.test.ManageNewsPageTest" name="verifyUserCanCreateNews" time="5.689"/>
  <testcase classname="com.supermarket.test.ManageNewsPageTest" name="verifyUserCanDeleteNews" time="5.372"/>
</testsuite> <!-- com.supermarket.test.ManageNewsPageTest -->
