<?xml version="1.0" encoding="UTF-8"?>
<!-- Generated by org.testng.reporters.JUnitReportReporter -->
<testsuite hostname="MSI" failures="0" tests="2" name="com.supermarket.test.ManageListLocationsTest" time="10.715" errors="0" timestamp="2024-05-20T22:19:33 BST" skipped="0">
  <testcase classname="com.supermarket.test.ManageListLocationsTest" name="verifyUserCanCreateListLocation" time="5.924"/>
  <testcase classname="com.supermarket.test.ManageListLocationsTest" name="verifyUserCanDeleteListLocation" time="4.791"/>
</testsuite> <!-- com.supermarket.test.ManageListLocationsTest -->
