<?xml version="1.0" encoding="UTF-8"?>
<!-- Generated by org.testng.reporters.JUnitReportReporter -->
<testsuite hostname="MSI" failures="0" tests="1" name="com.supermarket.test.ManageSliderTest" time="7.638" errors="0" timestamp="2024-05-21T20:31:02 BST" skipped="0">
  <testcase classname="com.supermarket.test.ManageSliderTest" name="VerifyUserCanEditSlider" time="7.638"/>
</testsuite> <!-- com.supermarket.test.ManageSliderTest -->
