<?xml version="1.0" encoding="UTF-8"?>
<!-- Generated by org.testng.reporters.JUnitReportReporter -->
<testsuite hostname="MSI" failures="0" tests="1" name="com.supermarket.test.ManageDeliveryBoyTest" time="9.837" errors="0" timestamp="2024-05-18T15:18:27 BST" skipped="0">
  <testcase classname="com.supermarket.test.ManageDeliveryBoyTest" name="verifyUserCanCreateDeliveryBoy" time="9.837"/>
</testsuite> <!-- com.supermarket.test.ManageDeliveryBoyTest -->
