<?xml version="1.0" encoding="UTF-8"?>
<!-- Generated by org.testng.reporters.JUnitReportReporter -->
<testsuite hostname="MSI" failures="0" tests="2" name="com.supermarket.test.ManageDeliveryBoyTest" time="10.692" errors="0" timestamp="2024-05-20T22:19:33 BST" skipped="0">
  <testcase classname="com.supermarket.test.ManageDeliveryBoyTest" name="verifyUserCanCreateDeliveryBoy" time="6.487"/>
  <testcase classname="com.supermarket.test.ManageDeliveryBoyTest" name="verifyUserCanDeleteDeliveryBoy" time="4.205"/>
</testsuite> <!-- com.supermarket.test.ManageDeliveryBoyTest -->
