<?xml version="1.0" encoding="UTF-8"?>
<!-- Generated by org.testng.reporters.JUnitReportReporter -->
<testsuite hostname="MSI" failures="0" tests="2" name="com.supermarket.test.ManageSettingsTest" time="21.373" errors="0" timestamp="2024-05-21T20:31:02 BST" skipped="0">
  <testcase classname="com.supermarket.test.ManageSettingsTest" name="createManageMenu" time="12.058"/>
  <testcase classname="com.supermarket.test.ManageSettingsTest" name="verifyUserCanDeleteMenu" time="9.315"/>
</testsuite> <!-- com.supermarket.test.ManageSettingsTest -->
