<?xml version="1.0" encoding="UTF-8"?>
<!-- Generated by org.testng.reporters.JUnitReportReporter -->
<testsuite hostname="MSI" failures="0" tests="2" name="com.supermarket.test.ManageNewsPageTest" time="15.518" errors="0" timestamp="2024-05-21T20:31:02 BST" skipped="0">
  <testcase classname="com.supermarket.test.ManageNewsPageTest" name="verifyUserCanCreateNews" time="8.929"/>
  <testcase classname="com.supermarket.test.ManageNewsPageTest" name="verifyUserCanDeleteNews" time="6.589"/>
</testsuite> <!-- com.supermarket.test.ManageNewsPageTest -->
